TN:
SF:src/lib/nutrition.ts
FN:33,calcBMR
FN:38,calcTargets
FN:41,(anonymous_2)
FN:61,scaleNutrition
FN:74,emptyTotals
FN:78,sumEntries
FN:80,(anonymous_6)
FN:90,round1
FN:94,roundTotals
FN:104,currentStreak
FN:106,(anonymous_10)
FN:121,toKey
FN:122,(anonymous_12)
FN:132,buildDayStats
FN:144,(anonymous_14)
FN:146,(anonymous_15)
FN:147,(anonymous_16)
FN:155,recipeTotals
FN:157,(anonymous_18)
FN:188,projectWeight
FNF:20
FNH:20
FNDA:10,calcBMR
FNDA:7,calcTargets
FNDA:21,(anonymous_2)
FNDA:544,scaleNutrition
FNDA:11,emptyTotals
FNDA:10,sumEntries
FNDA:2,(anonymous_6)
FNDA:7,round1
FNDA:1,roundTotals
FNDA:12,currentStreak
FNDA:1125,(anonymous_10)
FNDA:1150,toKey
FNDA:2300,(anonymous_12)
FNDA:2,buildDayStats
FNDA:7,(anonymous_14)
FNDA:9,(anonymous_15)
FNDA:2,(anonymous_16)
FNDA:2,recipeTotals
FNDA:2,(anonymous_18)
FNDA:6,projectWeight
DA:15,4
DA:26,4
DA:34,10
DA:35,10
DA:39,7
DA:41,21
DA:42,7
DA:45,7
DA:48,7
DA:51,7
DA:52,7
DA:53,7
DA:58,7
DA:65,544
DA:66,544
DA:75,11
DA:79,10
DA:80,2
DA:91,7
DA:95,1
DA:105,12
DA:106,1125
DA:107,10
DA:108,10
DA:111,10
DA:113,10
DA:114,1122
DA:115,1122
DA:118,10
DA:122,2300
DA:123,1150
DA:137,2
DA:138,2
DA:140,2
DA:141,8
DA:142,8
DA:143,8
DA:144,8
DA:145,8
DA:146,9
DA:147,2
DA:148,8
DA:151,8
DA:156,2
DA:157,2
DA:189,6
DA:191,6
DA:192,6
DA:193,6
DA:199,6
DA:200,1
DA:201,1
DA:202,5
DA:203,0
DA:204,0
DA:205,0
DA:207,5
DA:208,5
DA:210,5
DA:211,1
DA:212,4
DA:213,1
DA:217,6
DA:218,6
DA:220,6
LF:65
LH:62
BRDA:35,0,0,9
BRDA:35,0,1,1
BRDA:41,1,0,7
BRDA:41,1,1,0
BRDA:45,2,0,1
BRDA:45,2,1,6
BRDA:45,3,0,7
BRDA:45,3,1,7
BRDA:105,4,0,2
BRDA:105,4,1,10
BRDA:111,5,0,1
BRDA:111,5,1,9
BRDA:189,6,0,6
BRDA:199,7,0,1
BRDA:199,7,1,5
BRDA:202,8,0,0
BRDA:202,8,1,5
BRDA:210,9,0,1
BRDA:210,9,1,4
BRDA:212,10,0,1
BRDA:212,10,1,3
BRF:21
BRH:19
end_of_record
TN:
SF:src/lib/seed.ts
FN:229,(anonymous_0)
FN:241,ingredient
FN:254,findProducts
FN:258,(anonymous_3)
FN:265,seedRecipes
FN:266,(anonymous_5)
FN:604,mulberry32
FN:606,(anonymous_7)
FN:660,entriesFromCombo
FN:690,buildDemo
FN:696,(anonymous_10)
FN:704,(anonymous_11)
FNF:12
FNH:6
FNDA:486,(anonymous_0)
FNDA:540,ingredient
FNDA:135,findProducts
FNDA:540,(anonymous_3)
FNDA:27,seedRecipes
FNDA:4374,(anonymous_5)
FNDA:0,mulberry32
FNDA:0,(anonymous_7)
FNDA:0,entriesFromCombo
FNDA:0,buildDemo
FNDA:0,(anonymous_10)
FNDA:0,(anonymous_11)
DA:16,3
DA:34,3
DA:49,3
DA:229,486
DA:242,540
DA:243,540
DA:258,135
DA:259,540
DA:260,540
DA:261,540
DA:266,4374
DA:267,27
DA:351,3
DA:516,3
DA:605,0
DA:606,0
DA:607,0
DA:608,0
DA:609,0
DA:610,0
DA:611,0
DA:617,3
DA:625,3
DA:634,3
DA:642,3
DA:652,3
DA:666,0
DA:667,0
DA:668,0
DA:669,0
DA:670,0
DA:671,0
DA:672,0
DA:687,0
DA:695,0
DA:696,0
DA:697,0
DA:698,0
DA:699,0
DA:701,0
DA:702,0
DA:703,0
DA:704,0
DA:706,0
DA:712,0
DA:713,0
DA:715,0
DA:716,0
DA:719,0
DA:720,0
DA:721,0
DA:722,0
DA:723,0
DA:724,0
DA:725,0
DA:736,0
DA:737,0
DA:738,0
DA:739,0
DA:740,0
DA:742,0
DA:744,0
LF:62
LH:19
BRDA:260,0,0,0
BRDA:260,0,1,540
BRDA:668,1,0,0
BRDA:668,1,1,0
BRDA:670,2,0,0
BRDA:670,2,1,0
BRDA:712,3,0,0
BRDA:712,3,1,0
BRDA:713,4,0,0
BRDA:713,4,1,0
BRDA:713,5,0,0
BRDA:713,5,1,0
BRDA:719,6,0,0
BRDA:719,6,1,0
BRF:14
BRH:1
end_of_record
TN:
SF:src/lib/store.tsx
FN:56,freshState
FN:74,loadState
FN:82,(anonymous_2)
FN:84,(anonymous_3)
FN:84,(anonymous_4)
FN:87,(anonymous_5)
FN:152,StoreProvider
FN:155,(anonymous_7)
FN:160,(anonymous_8)
FN:169,(anonymous_9)
FN:191,(anonymous_10)
FN:192,(anonymous_11)
FN:195,(anonymous_12)
FN:196,(anonymous_13)
FN:199,(anonymous_14)
FN:200,(anonymous_15)
FN:201,(anonymous_16)
FN:203,(anonymous_17)
FN:209,(anonymous_18)
FN:210,(anonymous_19)
FN:212,(anonymous_20)
FN:216,(anonymous_21)
FN:217,(anonymous_22)
FN:219,(anonymous_23)
FN:225,(anonymous_24)
FN:226,(anonymous_25)
FN:229,(anonymous_26)
FN:230,(anonymous_27)
FN:232,(anonymous_28)
FN:236,(anonymous_29)
FN:237,(anonymous_30)
FN:239,(anonymous_31)
FN:244,(anonymous_32)
FN:246,(anonymous_33)
FN:247,(anonymous_34)
FN:254,(anonymous_35)
FN:256,(anonymous_36)
FN:263,(anonymous_37)
FN:264,(anonymous_38)
FN:265,(anonymous_39)
FN:269,(anonymous_40)
FN:275,(anonymous_41)
FN:276,(anonymous_42)
FN:276,(anonymous_43)
FN:279,(anonymous_44)
FN:280,(anonymous_45)
FN:282,(anonymous_46)
FN:288,(anonymous_47)
FN:289,(anonymous_48)
FN:291,(anonymous_49)
FN:291,(anonymous_50)
FN:297,(anonymous_51)
FN:298,(anonymous_52)
FN:300,(anonymous_53)
FN:304,(anonymous_54)
FN:305,(anonymous_55)
FN:311,(anonymous_56)
FN:312,(anonymous_57)
FN:314,(anonymous_58)
FN:318,(anonymous_59)
FN:319,(anonymous_60)
FN:326,(anonymous_61)
FN:327,(anonymous_62)
FN:329,(anonymous_63)
FN:333,(anonymous_64)
FN:334,(anonymous_65)
FN:343,(anonymous_66)
FN:344,(anonymous_67)
FN:346,(anonymous_68)
FN:350,(anonymous_69)
FN:351,(anonymous_70)
FN:353,(anonymous_71)
FN:357,(anonymous_72)
FN:358,(anonymous_73)
FN:361,(anonymous_74)
FN:367,(anonymous_75)
FN:368,(anonymous_76)
FN:374,(anonymous_77)
FN:375,(anonymous_78)
FN:377,(anonymous_79)
FN:378,(anonymous_80)
FN:382,(anonymous_81)
FN:383,(anonymous_82)
FN:385,(anonymous_83)
FN:397,(anonymous_84)
FN:398,(anonymous_85)
FN:409,(anonymous_86)
FN:413,(anonymous_87)
FN:429,(anonymous_88)
FN:434,(anonymous_89)
FN:438,(anonymous_90)
FN:452,(anonymous_91)
FN:523,useStore
FN:530,useProductMap
FN:533,(anonymous_94)
FN:533,(anonymous_95)
FN:538,recipeTotals
FN:540,(anonymous_97)
FNF:98
FNH:58
FNDA:27,freshState
FNDA:26,loadState
FNDA:0,(anonymous_2)
FNDA:0,(anonymous_3)
FNDA:0,(anonymous_4)
FNDA:0,(anonymous_5)
FNDA:59,StoreProvider
FNDA:26,(anonymous_7)
FNDA:58,(anonymous_8)
FNDA:27,(anonymous_9)
FNDA:3,(anonymous_10)
FNDA:3,(anonymous_11)
FNDA:1,(anonymous_12)
FNDA:1,(anonymous_13)
FNDA:4,(anonymous_14)
FNDA:4,(anonymous_15)
FNDA:649,(anonymous_16)
FNDA:163,(anonymous_17)
FNDA:1,(anonymous_18)
FNDA:1,(anonymous_19)
FNDA:163,(anonymous_20)
FNDA:2,(anonymous_21)
FNDA:2,(anonymous_22)
FNDA:324,(anonymous_23)
FNDA:3,(anonymous_24)
FNDA:3,(anonymous_25)
FNDA:1,(anonymous_26)
FNDA:1,(anonymous_27)
FNDA:1,(anonymous_28)
FNDA:1,(anonymous_29)
FNDA:1,(anonymous_30)
FNDA:1,(anonymous_31)
FNDA:0,(anonymous_32)
FNDA:0,(anonymous_33)
FNDA:0,(anonymous_34)
FNDA:0,(anonymous_35)
FNDA:0,(anonymous_36)
FNDA:0,(anonymous_37)
FNDA:0,(anonymous_38)
FNDA:0,(anonymous_39)
FNDA:0,(anonymous_40)
FNDA:0,(anonymous_41)
FNDA:0,(anonymous_42)
FNDA:0,(anonymous_43)
FNDA:0,(anonymous_44)
FNDA:0,(anonymous_45)
FNDA:0,(anonymous_46)
FNDA:3,(anonymous_47)
FNDA:3,(anonymous_48)
FNDA:1,(anonymous_49)
FNDA:1,(anonymous_50)
FNDA:1,(anonymous_51)
FNDA:1,(anonymous_52)
FNDA:2,(anonymous_53)
FNDA:2,(anonymous_54)
FNDA:2,(anonymous_55)
FNDA:1,(anonymous_56)
FNDA:1,(anonymous_57)
FNDA:1,(anonymous_58)
FNDA:3,(anonymous_59)
FNDA:3,(anonymous_60)
FNDA:2,(anonymous_61)
FNDA:2,(anonymous_62)
FNDA:4,(anonymous_63)
FNDA:3,(anonymous_64)
FNDA:3,(anonymous_65)
FNDA:1,(anonymous_66)
FNDA:1,(anonymous_67)
FNDA:1,(anonymous_68)
FNDA:1,(anonymous_69)
FNDA:1,(anonymous_70)
FNDA:1,(anonymous_71)
FNDA:0,(anonymous_72)
FNDA:0,(anonymous_73)
FNDA:0,(anonymous_74)
FNDA:0,(anonymous_75)
FNDA:0,(anonymous_76)
FNDA:0,(anonymous_77)
FNDA:0,(anonymous_78)
FNDA:0,(anonymous_79)
FNDA:0,(anonymous_80)
FNDA:0,(anonymous_81)
FNDA:0,(anonymous_82)
FNDA:0,(anonymous_83)
FNDA:0,(anonymous_84)
FNDA:0,(anonymous_85)
FNDA:0,(anonymous_86)
FNDA:1,(anonymous_87)
FNDA:1,(anonymous_88)
FNDA:0,(anonymous_89)
FNDA:2,(anonymous_90)
FNDA:58,(anonymous_91)
FNDA:58,useStore
FNDA:0,useProductMap
FNDA:0,(anonymous_94)
FNDA:0,(anonymous_95)
FNDA:0,recipeTotals
FNDA:0,(anonymous_97)
DA:25,1
DA:27,1
DA:29,1
DA:39,1
DA:57,27
DA:75,26
DA:76,26
DA:77,26
DA:78,26
DA:79,0
DA:80,0
DA:82,0
DA:83,26
DA:84,0
DA:86,26
DA:87,0
DA:93,26
DA:112,0
DA:150,1
DA:155,59
DA:156,26
DA:157,26
DA:160,59
DA:161,58
DA:162,58
DA:169,59
DA:170,27
DA:171,27
DA:173,27
DA:174,27
DA:175,26
DA:177,1
DA:180,27
DA:181,27
DA:182,0
DA:187,0
DA:191,59
DA:192,3
DA:195,59
DA:196,1
DA:199,59
DA:200,4
DA:201,649
DA:202,4
DA:203,163
DA:205,4
DA:209,59
DA:210,1
DA:212,163
DA:216,59
DA:217,2
DA:220,324
DA:225,59
DA:226,3
DA:229,59
DA:230,1
DA:232,1
DA:236,59
DA:237,1
DA:239,1
DA:243,59
DA:245,0
DA:246,0
DA:247,0
DA:253,0
DA:254,0
DA:256,0
DA:258,0
DA:263,59
DA:264,0
DA:265,0
DA:266,0
DA:269,0
DA:275,59
DA:276,0
DA:279,59
DA:280,0
DA:283,0
DA:288,59
DA:289,3
DA:291,1
DA:292,1
DA:297,59
DA:298,1
DA:300,2
DA:304,59
DA:305,2
DA:311,59
DA:312,1
DA:314,1
DA:318,59
DA:319,3
DA:320,3
DA:326,59
DA:327,2
DA:329,4
DA:333,59
DA:334,3
DA:343,59
DA:344,1
DA:346,1
DA:350,59
DA:351,1
DA:353,1
DA:357,59
DA:358,0
DA:361,0
DA:367,59
DA:368,0
DA:374,59
DA:375,0
DA:377,0
DA:378,0
DA:382,59
DA:383,0
DA:384,0
DA:385,0
DA:387,0
DA:388,0
DA:393,0
DA:397,59
DA:398,0
DA:399,0
DA:400,0
DA:409,59
DA:410,0
DA:413,59
DA:414,1
DA:429,59
DA:430,1
DA:434,1
DA:435,1
DA:438,59
DA:439,2
DA:440,2
DA:441,2
DA:442,0
DA:444,1
DA:445,1
DA:447,1
DA:451,59
DA:452,58
DA:520,59
DA:524,58
DA:525,58
DA:526,58
DA:531,0
DA:532,0
DA:533,0
DA:539,0
DA:540,0
LF:151
LH:107
BRDA:75,0,0,0
BRDA:75,0,1,26
BRDA:78,1,0,26
BRDA:78,1,1,0
BRDA:82,2,0,0
BRDA:82,2,1,0
BRDA:84,3,0,26
BRDA:84,3,1,0
BRDA:107,4,0,0
BRDA:107,4,1,0
BRDA:107,5,0,26
BRDA:107,5,1,0
BRDA:156,6,0,0
BRDA:156,6,1,26
BRDA:172,7,0,27
BRDA:172,7,1,0
BRDA:173,8,0,27
BRDA:173,8,1,0
BRDA:174,9,0,26
BRDA:174,9,1,1
BRDA:181,10,0,0
BRDA:181,10,1,27
BRDA:187,11,0,0
BRDA:187,11,1,0
BRDA:202,12,0,1
BRDA:202,12,1,3
BRDA:203,13,0,1
BRDA:203,13,1,162
BRDA:220,14,0,2
BRDA:220,14,1,322
BRDA:232,15,0,1
BRDA:232,15,1,0
BRDA:253,16,0,0
BRDA:253,16,1,0
BRDA:268,17,0,0
BRDA:268,17,1,0
BRDA:269,18,0,0
BRDA:269,18,1,0
BRDA:283,19,0,0
BRDA:283,19,1,0
BRDA:320,20,0,1
BRDA:320,20,1,2
BRDA:346,21,0,1
BRDA:346,21,1,0
BRDA:385,22,0,0
BRDA:385,22,1,0
BRDA:387,23,0,0
BRDA:387,23,1,0
BRDA:441,24,0,0
BRDA:441,24,1,2
BRDA:441,25,0,2
BRDA:441,25,1,1
BRDA:441,25,2,1
BRDA:525,26,0,0
BRDA:525,26,1,58
BRF:55
BRH:25
end_of_record
TN:
SF:src/lib/utils.ts
FN:3,(anonymous_0)
FN:7,(anonymous_1)
FN:12,(anonymous_2)
FN:14,(anonymous_3)
FN:17,(anonymous_4)
FN:19,(anonymous_5)
FN:26,(anonymous_6)
FN:41,(anonymous_7)
FN:46,(anonymous_8)
FN:51,(anonymous_9)
FN:56,(anonymous_10)
FN:80,(anonymous_11)
FN:98,gramsFromDisplay
FN:108,displayFromGrams
FN:119,downloadFile
FN:135,(anonymous_15)
FN:138,toCSV
FN:140,(anonymous_17)
FN:142,(anonymous_18)
FN:151,toMarkdown
FN:166,(anonymous_20)
FN:173,(anonymous_21)
FN:194,(anonymous_22)
FN:249,compressImage
FN:254,(anonymous_24)
FN:256,(anonymous_25)
FN:261,(anonymous_26)
FN:263,(anonymous_27)
FN:283,shareText
FN:300,(anonymous_29)
FNF:30
FNH:18
FNDA:4,(anonymous_0)
FNDA:107,(anonymous_1)
FNDA:4610,(anonymous_2)
FNDA:2304,(anonymous_3)
FNDA:1148,(anonymous_4)
FNDA:1152,(anonymous_5)
FNDA:10,(anonymous_6)
FNDA:3,(anonymous_7)
FNDA:2,(anonymous_8)
FNDA:3,(anonymous_9)
FNDA:1,(anonymous_10)
FNDA:6,(anonymous_11)
FNDA:6,gramsFromDisplay
FNDA:4,displayFromGrams
FNDA:0,downloadFile
FNDA:0,(anonymous_15)
FNDA:3,toCSV
FNDA:4,(anonymous_17)
FNDA:10,(anonymous_18)
FNDA:0,toMarkdown
FNDA:0,(anonymous_20)
FNDA:0,(anonymous_21)
FNDA:0,(anonymous_22)
FNDA:0,compressImage
FNDA:0,(anonymous_24)
FNDA:0,(anonymous_25)
FNDA:0,(anonymous_26)
FNDA:0,(anonymous_27)
FNDA:0,shareText
FNDA:5,(anonymous_29)
DA:3,4
DA:5,4
DA:7,4
DA:8,107
DA:12,4610
DA:14,4
DA:15,2304
DA:17,1148
DA:19,4
DA:20,1152
DA:21,1152
DA:22,1152
DA:23,1152
DA:26,4
DA:27,10
DA:28,10
DA:31,4
DA:36,4
DA:41,4
DA:42,3
DA:43,3
DA:46,4
DA:47,2
DA:48,2
DA:51,4
DA:52,3
DA:53,3
DA:56,4
DA:57,1
DA:58,1
DA:64,4
DA:72,4
DA:80,4
DA:81,6
DA:82,6
DA:89,4
DA:90,4
DA:92,4
DA:103,6
DA:104,4
DA:105,1
DA:113,4
DA:114,3
DA:115,1
DA:126,0
DA:127,0
DA:128,0
DA:129,0
DA:130,0
DA:131,0
DA:132,0
DA:133,0
DA:134,0
DA:135,0
DA:139,3
DA:141,4
DA:143,10
DA:144,10
DA:166,0
DA:167,0
DA:168,0
DA:169,0
DA:173,0
DA:174,0
DA:175,0
DA:176,0
DA:179,0
DA:180,0
DA:182,0
DA:183,0
DA:184,0
DA:186,0
DA:187,0
DA:188,0
DA:191,0
DA:194,0
DA:195,0
DA:196,0
DA:197,0
DA:200,0
DA:201,0
DA:202,0
DA:203,0
DA:206,0
DA:207,0
DA:208,0
DA:210,0
DA:211,0
DA:212,0
DA:213,0
DA:215,0
DA:216,0
DA:219,0
DA:220,0
DA:221,0
DA:222,0
DA:224,0
DA:228,0
DA:229,0
DA:230,0
DA:231,0
DA:232,0
DA:235,0
DA:236,0
DA:237,0
DA:238,0
DA:242,0
DA:245,0
DA:254,0
DA:255,0
DA:256,0
DA:257,0
DA:258,0
DA:261,0
DA:262,0
DA:263,0
DA:264,0
DA:265,0
DA:268,0
DA:269,0
DA:270,0
DA:272,0
DA:273,0
DA:274,0
DA:275,0
DA:276,0
DA:278,0
DA:279,0
DA:284,0
DA:288,0
DA:289,0
DA:290,0
DA:291,0
DA:297,0
DA:300,4
DA:301,5
LF:136
LH:50
BRDA:7,0,0,107
BRDA:80,1,0,6
BRDA:101,2,0,6
BRDA:103,3,0,2
BRDA:103,3,1,4
BRDA:104,4,0,3
BRDA:104,4,1,1
BRDA:111,5,0,4
BRDA:113,6,0,1
BRDA:113,6,1,3
BRDA:114,7,0,2
BRDA:114,7,1,1
BRDA:122,8,0,0
BRDA:126,9,0,0
BRDA:126,9,1,0
BRDA:144,10,0,2
BRDA:144,10,1,8
BRDA:167,11,0,0
BRDA:167,11,1,0
BRDA:173,12,0,0
BRDA:173,12,1,0
BRDA:174,13,0,0
BRDA:174,13,1,0
BRDA:188,14,0,0
BRDA:188,14,1,0
BRDA:195,15,0,0
BRDA:195,15,1,0
BRDA:208,16,0,0
BRDA:208,16,1,0
BRDA:208,17,0,0
BRDA:208,17,1,0
BRDA:235,18,0,0
BRDA:235,18,1,0
BRDA:251,19,0,0
BRDA:252,20,0,0
BRDA:276,21,0,0
BRDA:276,21,1,0
BRDA:288,22,0,0
BRDA:288,22,1,0
BRF:39
BRH:14
end_of_record
