TN:
SF:src/lib/migrateStorage.ts
FN:17,migrateFromLocalStorage
FN:79,resetMigrationFlag
FN:86,isMigrationDone
FNF:3
FNH:3
FNDA:10,migrateFromLocalStorage
FNDA:13,resetMigrationFlag
FNDA:6,isMigrationDone
DA:10,1
DA:11,1
DA:19,10
DA:20,10
DA:22,1
DA:25,9
DA:27,9
DA:28,9
DA:29,20
DA:30,20
DA:31,10
DA:35,9
DA:37,1
DA:38,1
DA:42,8
DA:43,8
DA:44,10
DA:45,10
DA:46,10
DA:48,10
DA:49,10
DA:51,1
DA:60,8
DA:63,8
DA:66,8
DA:72,0
DA:80,13
DA:87,6
DA:88,6
LF:29
LH:28
BRDA:20,0,0,1
BRDA:20,0,1,9
BRDA:30,1,0,10
BRDA:30,1,1,10
BRDA:35,2,0,1
BRDA:35,2,1,8
BRDA:46,3,0,10
BRDA:46,3,1,0
BRF:8
BRH:7
end_of_record
TN:
SF:src/lib/nutrition.ts
FN:33,calcBMR
FN:38,calcTargets
FN:41,(anonymous_2)
FN:61,scaleNutrition
FN:74,emptyTotals
FN:78,sumEntries
FN:80,(anonymous_6)
FN:90,round1
FN:94,roundTotals
FN:104,currentStreak
FN:106,(anonymous_10)
FN:121,toKey
FN:122,(anonymous_12)
FN:132,buildDayStats
FN:144,(anonymous_14)
FN:146,(anonymous_15)
FN:147,(anonymous_16)
FN:155,recipeTotals
FN:157,(anonymous_18)
FN:188,projectWeight
FNF:20
FNH:20
FNDA:10,calcBMR
FNDA:7,calcTargets
FNDA:21,(anonymous_2)
FNDA:1064,scaleNutrition
FNDA:11,emptyTotals
FNDA:10,sumEntries
FNDA:2,(anonymous_6)
FNDA:7,round1
FNDA:1,roundTotals
FNDA:12,currentStreak
FNDA:1125,(anonymous_10)
FNDA:1150,toKey
FNDA:2300,(anonymous_12)
FNDA:2,buildDayStats
FNDA:7,(anonymous_14)
FNDA:9,(anonymous_15)
FNDA:2,(anonymous_16)
FNDA:2,recipeTotals
FNDA:2,(anonymous_18)
FNDA:6,projectWeight
DA:15,4
DA:26,4
DA:34,10
DA:35,10
DA:39,7
DA:41,21
DA:42,7
DA:45,7
DA:48,7
DA:51,7
DA:52,7
DA:53,7
DA:58,7
DA:65,1064
DA:66,1064
DA:75,11
DA:79,10
DA:80,2
DA:91,7
DA:95,1
DA:105,12
DA:106,1125
DA:107,10
DA:108,10
DA:111,10
DA:113,10
DA:114,1122
DA:115,1122
DA:118,10
DA:122,2300
DA:123,1150
DA:137,2
DA:138,2
DA:140,2
DA:141,8
DA:142,8
DA:143,8
DA:144,8
DA:145,8
DA:146,9
DA:147,2
DA:148,8
DA:151,8
DA:156,2
DA:157,2
DA:189,6
DA:191,6
DA:192,6
DA:193,6
DA:199,6
DA:200,1
DA:201,1
DA:202,5
DA:203,0
DA:204,0
DA:205,0
DA:207,5
DA:208,5
DA:210,5
DA:211,1
DA:212,4
DA:213,1
DA:217,6
DA:218,6
DA:220,6
LF:65
LH:62
BRDA:35,0,0,9
BRDA:35,0,1,1
BRDA:41,1,0,7
BRDA:41,1,1,0
BRDA:45,2,0,1
BRDA:45,2,1,6
BRDA:45,3,0,7
BRDA:45,3,1,7
BRDA:105,4,0,2
BRDA:105,4,1,10
BRDA:111,5,0,1
BRDA:111,5,1,9
BRDA:189,6,0,6
BRDA:199,7,0,1
BRDA:199,7,1,5
BRDA:202,8,0,0
BRDA:202,8,1,5
BRDA:210,9,0,1
BRDA:210,9,1,4
BRDA:212,10,0,1
BRDA:212,10,1,3
BRF:21
BRH:19
end_of_record
TN:
SF:src/lib/seed.ts
FN:229,(anonymous_0)
FN:241,ingredient
FN:254,findProducts
FN:258,(anonymous_3)
FN:265,seedRecipes
FN:266,(anonymous_5)
FN:604,mulberry32
FN:606,(anonymous_7)
FN:660,entriesFromCombo
FN:690,buildDemo
FN:696,(anonymous_10)
FN:704,(anonymous_11)
FNF:12
FNH:6
FNDA:486,(anonymous_0)
FNDA:1060,ingredient
FNDA:265,findProducts
FNDA:1060,(anonymous_3)
FNDA:53,seedRecipes
FNDA:8586,(anonymous_5)
FNDA:0,mulberry32
FNDA:0,(anonymous_7)
FNDA:0,entriesFromCombo
FNDA:0,buildDemo
FNDA:0,(anonymous_10)
FNDA:0,(anonymous_11)
DA:16,3
DA:34,3
DA:49,3
DA:229,486
DA:242,1060
DA:243,1060
DA:258,265
DA:259,1060
DA:260,1060
DA:261,1060
DA:266,8586
DA:267,53
DA:351,3
DA:516,3
DA:605,0
DA:606,0
DA:607,0
DA:608,0
DA:609,0
DA:610,0
DA:611,0
DA:617,3
DA:625,3
DA:634,3
DA:642,3
DA:652,3
DA:666,0
DA:667,0
DA:668,0
DA:669,0
DA:670,0
DA:671,0
DA:672,0
DA:687,0
DA:695,0
DA:696,0
DA:697,0
DA:698,0
DA:699,0
DA:701,0
DA:702,0
DA:703,0
DA:704,0
DA:706,0
DA:712,0
DA:713,0
DA:715,0
DA:716,0
DA:719,0
DA:720,0
DA:721,0
DA:722,0
DA:723,0
DA:724,0
DA:725,0
DA:736,0
DA:737,0
DA:738,0
DA:739,0
DA:740,0
DA:742,0
DA:744,0
LF:62
LH:19
BRDA:260,0,0,0
BRDA:260,0,1,1060
BRDA:668,1,0,0
BRDA:668,1,1,0
BRDA:670,2,0,0
BRDA:670,2,1,0
BRDA:712,3,0,0
BRDA:712,3,1,0
BRDA:713,4,0,0
BRDA:713,4,1,0
BRDA:713,5,0,0
BRDA:713,5,1,0
BRDA:719,6,0,0
BRDA:719,6,1,0
BRF:14
BRH:1
end_of_record
TN:
SF:src/lib/storage.ts
FN:15,openDB
FN:16,(anonymous_1)
FN:19,(anonymous_2)
FN:26,(anonymous_3)
FN:27,(anonymous_4)
FN:36,get
FN:48,(anonymous_6)
FN:53,(anonymous_7)
FN:54,(anonymous_8)
FN:63,set
FN:75,(anonymous_10)
FN:80,(anonymous_11)
FN:81,(anonymous_12)
FN:89,remove
FN:100,(anonymous_14)
FN:105,(anonymous_15)
FN:106,(anonymous_16)
FN:113,clear
FN:123,(anonymous_18)
FN:131,(anonymous_19)
FN:136,(anonymous_20)
FN:137,(anonymous_21)
FN:144,getAllKeys
FN:157,(anonymous_23)
FN:162,(anonymous_24)
FN:163,(anonymous_25)
FN:171,exportAll
FN:189,importAll
FN:203,(anonymous_28)
FN:211,(anonymous_29)
FN:212,(anonymous_30)
FN:219,isIndexedDBAvailable
FNF:32
FNH:9
FNDA:0,openDB
FNDA:0,(anonymous_1)
FNDA:0,(anonymous_2)
FNDA:0,(anonymous_3)
FNDA:0,(anonymous_4)
FNDA:74,get
FNDA:0,(anonymous_6)
FNDA:0,(anonymous_7)
FNDA:0,(anonymous_8)
FNDA:48,set
FNDA:0,(anonymous_10)
FNDA:0,(anonymous_11)
FNDA:0,(anonymous_12)
FNDA:2,remove
FNDA:0,(anonymous_14)
FNDA:0,(anonymous_15)
FNDA:0,(anonymous_16)
FNDA:72,clear
FNDA:48,(anonymous_18)
FNDA:0,(anonymous_19)
FNDA:0,(anonymous_20)
FNDA:0,(anonymous_21)
FNDA:6,getAllKeys
FNDA:0,(anonymous_23)
FNDA:0,(anonymous_24)
FNDA:0,(anonymous_25)
FNDA:3,exportAll
FNDA:10,importAll
FNDA:0,(anonymous_28)
FNDA:0,(anonymous_29)
FNDA:0,(anonymous_30)
FNDA:1,isIndexedDBAvailable
DA:8,3
DA:9,3
DA:10,3
DA:16,0
DA:17,0
DA:19,0
DA:20,0
DA:21,0
DA:22,0
DA:26,0
DA:27,0
DA:37,74
DA:39,74
DA:40,74
DA:41,74
DA:43,1
DA:47,0
DA:48,0
DA:49,0
DA:50,0
DA:51,0
DA:53,0
DA:54,0
DA:64,48
DA:66,48
DA:67,48
DA:71,48
DA:74,0
DA:75,0
DA:76,0
DA:77,0
DA:78,0
DA:80,0
DA:81,0
DA:90,2
DA:91,2
DA:92,2
DA:96,2
DA:99,0
DA:100,0
DA:101,0
DA:102,0
DA:103,0
DA:105,0
DA:106,0
DA:114,72
DA:115,72
DA:116,72
DA:117,72
DA:118,59
DA:119,59
DA:120,48
DA:123,72
DA:127,72
DA:130,0
DA:131,0
DA:132,0
DA:133,0
DA:134,0
DA:136,0
DA:137,0
DA:145,6
DA:146,6
DA:147,6
DA:148,7
DA:149,7
DA:150,7
DA:153,6
DA:156,0
DA:157,0
DA:158,0
DA:159,0
DA:160,0
DA:162,0
DA:163,0
DA:172,3
DA:173,3
DA:175,3
DA:176,4
DA:177,4
DA:178,4
DA:182,3
DA:190,10
DA:192,10
DA:193,15
DA:194,15
DA:199,10
DA:202,0
DA:203,0
DA:204,0
DA:205,0
DA:207,0
DA:208,0
DA:211,0
DA:212,0
DA:220,1
LF:96
LH:45
BRDA:21,0,0,0
BRDA:21,0,1,0
BRDA:37,1,0,74
BRDA:37,1,1,0
BRDA:41,2,0,45
BRDA:41,2,1,29
BRDA:53,3,0,0
BRDA:53,3,1,0
BRDA:64,4,0,48
BRDA:64,4,1,0
BRDA:90,5,0,2
BRDA:90,5,1,0
BRDA:114,6,0,72
BRDA:114,6,1,0
BRDA:119,7,0,48
BRDA:119,7,1,11
BRDA:145,8,0,6
BRDA:145,8,1,0
BRDA:149,9,0,7
BRDA:149,9,1,0
BRDA:177,10,0,4
BRDA:177,10,1,0
BRDA:190,11,0,10
BRDA:190,11,1,0
BRF:24
BRH:12
end_of_record
TN:
SF:src/lib/store.tsx
FN:58,freshState
FN:76,loadState
FN:84,(anonymous_2)
FN:86,(anonymous_3)
FN:86,(anonymous_4)
FN:89,(anonymous_5)
FN:157,StoreProvider
FN:163,(anonymous_7)
FN:165,(anonymous_8)
FN:171,(anonymous_9)
FN:182,(anonymous_10)
FN:204,(anonymous_11)
FN:205,(anonymous_12)
FN:208,(anonymous_13)
FN:209,(anonymous_14)
FN:212,(anonymous_15)
FN:213,(anonymous_16)
FN:214,(anonymous_17)
FN:216,(anonymous_18)
FN:222,(anonymous_19)
FN:223,(anonymous_20)
FN:225,(anonymous_21)
FN:229,(anonymous_22)
FN:230,(anonymous_23)
FN:232,(anonymous_24)
FN:238,(anonymous_25)
FN:239,(anonymous_26)
FN:242,(anonymous_27)
FN:243,(anonymous_28)
FN:245,(anonymous_29)
FN:249,(anonymous_30)
FN:250,(anonymous_31)
FN:252,(anonymous_32)
FN:257,(anonymous_33)
FN:259,(anonymous_34)
FN:260,(anonymous_35)
FN:267,(anonymous_36)
FN:269,(anonymous_37)
FN:276,(anonymous_38)
FN:277,(anonymous_39)
FN:278,(anonymous_40)
FN:282,(anonymous_41)
FN:288,(anonymous_42)
FN:289,(anonymous_43)
FN:289,(anonymous_44)
FN:292,(anonymous_45)
FN:293,(anonymous_46)
FN:295,(anonymous_47)
FN:301,(anonymous_48)
FN:302,(anonymous_49)
FN:304,(anonymous_50)
FN:304,(anonymous_51)
FN:310,(anonymous_52)
FN:311,(anonymous_53)
FN:313,(anonymous_54)
FN:317,(anonymous_55)
FN:318,(anonymous_56)
FN:325,(anonymous_57)
FN:327,(anonymous_58)
FN:333,(anonymous_59)
FN:334,(anonymous_60)
FN:338,(anonymous_61)
FN:343,(anonymous_62)
FN:350,(anonymous_63)
FN:351,(anonymous_64)
FN:357,(anonymous_65)
FN:358,(anonymous_66)
FN:360,(anonymous_67)
FN:364,(anonymous_68)
FN:365,(anonymous_69)
FN:372,(anonymous_70)
FN:373,(anonymous_71)
FN:375,(anonymous_72)
FN:379,(anonymous_73)
FN:380,(anonymous_74)
FN:389,(anonymous_75)
FN:390,(anonymous_76)
FN:392,(anonymous_77)
FN:396,(anonymous_78)
FN:397,(anonymous_79)
FN:399,(anonymous_80)
FN:403,(anonymous_81)
FN:404,(anonymous_82)
FN:407,(anonymous_83)
FN:413,(anonymous_84)
FN:414,(anonymous_85)
FN:420,(anonymous_86)
FN:421,(anonymous_87)
FN:423,(anonymous_88)
FN:424,(anonymous_89)
FN:428,(anonymous_90)
FN:429,(anonymous_91)
FN:431,(anonymous_92)
FN:443,(anonymous_93)
FN:444,(anonymous_94)
FN:455,(anonymous_95)
FN:459,(anonymous_96)
FN:475,(anonymous_97)
FN:480,(anonymous_98)
FN:484,(anonymous_99)
FN:498,(anonymous_100)
FN:575,useStore
FN:582,useProductMap
FN:585,(anonymous_103)
FN:585,(anonymous_104)
FN:590,recipeTotals
FN:592,(anonymous_106)
FNF:107
FNH:59
FNDA:53,freshState
FNDA:26,loadState
FNDA:0,(anonymous_2)
FNDA:0,(anonymous_3)
FNDA:0,(anonymous_4)
FNDA:0,(anonymous_5)
FNDA:60,StoreProvider
FNDA:26,(anonymous_7)
FNDA:26,(anonymous_8)
FNDA:59,(anonymous_9)
FNDA:27,(anonymous_10)
FNDA:3,(anonymous_11)
FNDA:3,(anonymous_12)
FNDA:1,(anonymous_13)
FNDA:1,(anonymous_14)
FNDA:4,(anonymous_15)
FNDA:4,(anonymous_16)
FNDA:649,(anonymous_17)
FNDA:163,(anonymous_18)
FNDA:1,(anonymous_19)
FNDA:1,(anonymous_20)
FNDA:163,(anonymous_21)
FNDA:2,(anonymous_22)
FNDA:2,(anonymous_23)
FNDA:324,(anonymous_24)
FNDA:3,(anonymous_25)
FNDA:3,(anonymous_26)
FNDA:1,(anonymous_27)
FNDA:1,(anonymous_28)
FNDA:1,(anonymous_29)
FNDA:1,(anonymous_30)
FNDA:1,(anonymous_31)
FNDA:1,(anonymous_32)
FNDA:0,(anonymous_33)
FNDA:0,(anonymous_34)
FNDA:0,(anonymous_35)
FNDA:0,(anonymous_36)
FNDA:0,(anonymous_37)
FNDA:0,(anonymous_38)
FNDA:0,(anonymous_39)
FNDA:0,(anonymous_40)
FNDA:0,(anonymous_41)
FNDA:0,(anonymous_42)
FNDA:0,(anonymous_43)
FNDA:0,(anonymous_44)
FNDA:0,(anonymous_45)
FNDA:0,(anonymous_46)
FNDA:0,(anonymous_47)
FNDA:3,(anonymous_48)
FNDA:3,(anonymous_49)
FNDA:1,(anonymous_50)
FNDA:1,(anonymous_51)
FNDA:1,(anonymous_52)
FNDA:1,(anonymous_53)
FNDA:2,(anonymous_54)
FNDA:0,(anonymous_55)
FNDA:0,(anonymous_56)
FNDA:0,(anonymous_57)
FNDA:0,(anonymous_58)
FNDA:0,(anonymous_59)
FNDA:0,(anonymous_60)
FNDA:0,(anonymous_61)
FNDA:0,(anonymous_62)
FNDA:2,(anonymous_63)
FNDA:2,(anonymous_64)
FNDA:1,(anonymous_65)
FNDA:1,(anonymous_66)
FNDA:1,(anonymous_67)
FNDA:3,(anonymous_68)
FNDA:3,(anonymous_69)
FNDA:2,(anonymous_70)
FNDA:2,(anonymous_71)
FNDA:4,(anonymous_72)
FNDA:3,(anonymous_73)
FNDA:3,(anonymous_74)
FNDA:1,(anonymous_75)
FNDA:1,(anonymous_76)
FNDA:1,(anonymous_77)
FNDA:1,(anonymous_78)
FNDA:1,(anonymous_79)
FNDA:1,(anonymous_80)
FNDA:0,(anonymous_81)
FNDA:0,(anonymous_82)
FNDA:0,(anonymous_83)
FNDA:0,(anonymous_84)
FNDA:0,(anonymous_85)
FNDA:0,(anonymous_86)
FNDA:0,(anonymous_87)
FNDA:0,(anonymous_88)
FNDA:0,(anonymous_89)
FNDA:0,(anonymous_90)
FNDA:0,(anonymous_91)
FNDA:0,(anonymous_92)
FNDA:0,(anonymous_93)
FNDA:0,(anonymous_94)
FNDA:0,(anonymous_95)
FNDA:1,(anonymous_96)
FNDA:1,(anonymous_97)
FNDA:0,(anonymous_98)
FNDA:2,(anonymous_99)
FNDA:59,(anonymous_100)
FNDA:59,useStore
FNDA:0,useProductMap
FNDA:0,(anonymous_103)
FNDA:0,(anonymous_104)
FNDA:0,recipeTotals
FNDA:0,(anonymous_106)
DA:26,1
DA:28,1
DA:30,1
DA:41,1
DA:59,53
DA:77,26
DA:78,26
DA:79,26
DA:80,26
DA:81,0
DA:82,26
DA:84,26
DA:85,26
DA:86,0
DA:88,26
DA:89,0
DA:95,26
DA:114,0
DA:155,1
DA:160,60
DA:161,60
DA:163,60
DA:165,26
DA:166,26
DA:167,26
DA:171,60
DA:172,59
DA:173,2
DA:174,2
DA:182,60
DA:183,27
DA:184,27
DA:186,27
DA:187,27
DA:188,26
DA:190,1
DA:193,27
DA:194,27
DA:195,0
DA:200,0
DA:204,60
DA:205,3
DA:208,60
DA:209,1
DA:212,60
DA:213,4
DA:214,649
DA:215,4
DA:216,163
DA:218,4
DA:222,60
DA:223,1
DA:225,163
DA:229,60
DA:230,2
DA:233,324
DA:238,60
DA:239,3
DA:242,60
DA:243,1
DA:245,1
DA:249,60
DA:250,1
DA:252,1
DA:256,60
DA:258,0
DA:259,0
DA:260,0
DA:266,0
DA:267,0
DA:269,0
DA:271,0
DA:276,60
DA:277,0
DA:278,0
DA:279,0
DA:282,0
DA:288,60
DA:289,0
DA:292,60
DA:293,0
DA:296,0
DA:301,60
DA:302,3
DA:304,1
DA:305,1
DA:310,60
DA:311,1
DA:313,2
DA:317,60
DA:318,0
DA:319,0
DA:320,0
DA:325,0
DA:327,0
DA:333,60
DA:334,0
DA:338,0
DA:343,60
DA:347,0
DA:350,60
DA:351,2
DA:357,60
DA:358,1
DA:360,1
DA:364,60
DA:365,3
DA:366,3
DA:372,60
DA:373,2
DA:375,4
DA:379,60
DA:380,3
DA:389,60
DA:390,1
DA:392,1
DA:396,60
DA:397,1
DA:399,1
DA:403,60
DA:404,0
DA:407,0
DA:413,60
DA:414,0
DA:420,60
DA:421,0
DA:423,0
DA:424,0
DA:428,60
DA:429,0
DA:430,0
DA:431,0
DA:433,0
DA:434,0
DA:439,0
DA:443,60
DA:444,0
DA:445,0
DA:446,0
DA:455,60
DA:456,0
DA:459,60
DA:460,1
DA:475,60
DA:476,1
DA:480,1
DA:481,1
DA:484,60
DA:485,2
DA:486,2
DA:487,2
DA:488,0
DA:490,1
DA:491,1
DA:493,1
DA:497,60
DA:498,59
DA:572,60
DA:576,59
DA:577,59
DA:578,59
DA:583,0
DA:584,0
DA:585,0
DA:591,0
DA:592,0
LF:166
LH:116
BRDA:77,0,0,0
BRDA:77,0,1,26
BRDA:80,1,0,26
BRDA:80,1,1,0
BRDA:81,2,0,0
BRDA:81,2,1,0
BRDA:84,3,0,26
BRDA:84,3,1,0
BRDA:86,4,0,26
BRDA:86,4,1,0
BRDA:109,5,0,0
BRDA:109,5,1,0
BRDA:109,6,0,26
BRDA:109,6,1,0
BRDA:172,7,0,2
BRDA:172,7,1,57
BRDA:185,8,0,27
BRDA:185,8,1,0
BRDA:186,9,0,27
BRDA:186,9,1,0
BRDA:187,10,0,26
BRDA:187,10,1,1
BRDA:194,11,0,0
BRDA:194,11,1,27
BRDA:200,12,0,0
BRDA:200,12,1,0
BRDA:215,13,0,1
BRDA:215,13,1,3
BRDA:216,14,0,1
BRDA:216,14,1,162
BRDA:233,15,0,2
BRDA:233,15,1,322
BRDA:245,16,0,1
BRDA:245,16,1,0
BRDA:266,17,0,0
BRDA:266,17,1,0
BRDA:281,18,0,0
BRDA:281,18,1,0
BRDA:282,19,0,0
BRDA:282,19,1,0
BRDA:296,20,0,0
BRDA:296,20,1,0
BRDA:366,21,0,1
BRDA:366,21,1,2
BRDA:392,22,0,1
BRDA:392,22,1,0
BRDA:431,23,0,0
BRDA:431,23,1,0
BRDA:433,24,0,0
BRDA:433,24,1,0
BRDA:487,25,0,0
BRDA:487,25,1,2
BRDA:487,26,0,2
BRDA:487,26,1,1
BRDA:487,26,2,1
BRDA:577,27,0,0
BRDA:577,27,1,59
BRF:57
BRH:27
end_of_record
TN:
SF:src/lib/utils.ts
FN:3,(anonymous_0)
FN:7,(anonymous_1)
FN:12,(anonymous_2)
FN:14,(anonymous_3)
FN:17,(anonymous_4)
FN:19,(anonymous_5)
FN:26,(anonymous_6)
FN:41,(anonymous_7)
FN:46,(anonymous_8)
FN:51,(anonymous_9)
FN:56,(anonymous_10)
FN:80,(anonymous_11)
FN:98,gramsFromDisplay
FN:108,displayFromGrams
FN:119,downloadFile
FN:135,(anonymous_15)
FN:138,toCSV
FN:140,(anonymous_17)
FN:142,(anonymous_18)
FN:151,toMarkdown
FN:166,(anonymous_20)
FN:173,(anonymous_21)
FN:194,(anonymous_22)
FN:249,compressImage
FN:254,(anonymous_24)
FN:256,(anonymous_25)
FN:261,(anonymous_26)
FN:263,(anonymous_27)
FN:283,shareText
FN:300,(anonymous_29)
FNF:30
FNH:18
FNDA:4,(anonymous_0)
FNDA:107,(anonymous_1)
FNDA:4610,(anonymous_2)
FNDA:2304,(anonymous_3)
FNDA:1148,(anonymous_4)
FNDA:1152,(anonymous_5)
FNDA:10,(anonymous_6)
FNDA:3,(anonymous_7)
FNDA:2,(anonymous_8)
FNDA:3,(anonymous_9)
FNDA:1,(anonymous_10)
FNDA:6,(anonymous_11)
FNDA:6,gramsFromDisplay
FNDA:4,displayFromGrams
FNDA:0,downloadFile
FNDA:0,(anonymous_15)
FNDA:3,toCSV
FNDA:4,(anonymous_17)
FNDA:10,(anonymous_18)
FNDA:0,toMarkdown
FNDA:0,(anonymous_20)
FNDA:0,(anonymous_21)
FNDA:0,(anonymous_22)
FNDA:0,compressImage
FNDA:0,(anonymous_24)
FNDA:0,(anonymous_25)
FNDA:0,(anonymous_26)
FNDA:0,(anonymous_27)
FNDA:0,shareText
FNDA:5,(anonymous_29)
DA:3,4
DA:5,4
DA:7,4
DA:8,107
DA:12,4610
DA:14,4
DA:15,2304
DA:17,1148
DA:19,4
DA:20,1152
DA:21,1152
DA:22,1152
DA:23,1152
DA:26,4
DA:27,10
DA:28,10
DA:31,4
DA:36,4
DA:41,4
DA:42,3
DA:43,3
DA:46,4
DA:47,2
DA:48,2
DA:51,4
DA:52,3
DA:53,3
DA:56,4
DA:57,1
DA:58,1
DA:64,4
DA:72,4
DA:80,4
DA:81,6
DA:82,6
DA:89,4
DA:90,4
DA:92,4
DA:103,6
DA:104,4
DA:105,1
DA:113,4
DA:114,3
DA:115,1
DA:126,0
DA:127,0
DA:128,0
DA:129,0
DA:130,0
DA:131,0
DA:132,0
DA:133,0
DA:134,0
DA:135,0
DA:139,3
DA:141,4
DA:143,10
DA:144,10
DA:166,0
DA:167,0
DA:168,0
DA:169,0
DA:173,0
DA:174,0
DA:175,0
DA:176,0
DA:179,0
DA:180,0
DA:182,0
DA:183,0
DA:184,0
DA:186,0
DA:187,0
DA:188,0
DA:191,0
DA:194,0
DA:195,0
DA:196,0
DA:197,0
DA:200,0
DA:201,0
DA:202,0
DA:203,0
DA:206,0
DA:207,0
DA:208,0
DA:210,0
DA:211,0
DA:212,0
DA:213,0
DA:215,0
DA:216,0
DA:219,0
DA:220,0
DA:221,0
DA:222,0
DA:224,0
DA:228,0
DA:229,0
DA:230,0
DA:231,0
DA:232,0
DA:235,0
DA:236,0
DA:237,0
DA:238,0
DA:242,0
DA:245,0
DA:254,0
DA:255,0
DA:256,0
DA:257,0
DA:258,0
DA:261,0
DA:262,0
DA:263,0
DA:264,0
DA:265,0
DA:268,0
DA:269,0
DA:270,0
DA:272,0
DA:273,0
DA:274,0
DA:275,0
DA:276,0
DA:278,0
DA:279,0
DA:284,0
DA:288,0
DA:289,0
DA:290,0
DA:291,0
DA:297,0
DA:300,4
DA:301,5
LF:136
LH:50
BRDA:7,0,0,107
BRDA:80,1,0,6
BRDA:101,2,0,6
BRDA:103,3,0,2
BRDA:103,3,1,4
BRDA:104,4,0,3
BRDA:104,4,1,1
BRDA:111,5,0,4
BRDA:113,6,0,1
BRDA:113,6,1,3
BRDA:114,7,0,2
BRDA:114,7,1,1
BRDA:122,8,0,0
BRDA:126,9,0,0
BRDA:126,9,1,0
BRDA:144,10,0,2
BRDA:144,10,1,8
BRDA:167,11,0,0
BRDA:167,11,1,0
BRDA:173,12,0,0
BRDA:173,12,1,0
BRDA:174,13,0,0
BRDA:174,13,1,0
BRDA:188,14,0,0
BRDA:188,14,1,0
BRDA:195,15,0,0
BRDA:195,15,1,0
BRDA:208,16,0,0
BRDA:208,16,1,0
BRDA:208,17,0,0
BRDA:208,17,1,0
BRDA:235,18,0,0
BRDA:235,18,1,0
BRDA:251,19,0,0
BRDA:252,20,0,0
BRDA:276,21,0,0
BRDA:276,21,1,0
BRDA:288,22,0,0
BRDA:288,22,1,0
BRF:39
BRH:14
end_of_record
